
> ar-ai-interactive-mpc@1.0.0 dev
> vite --host 0.0.0.0 --port 2843


  [32m[1mVITE[22m v5.4.21[39m  [2mready in [0m[1m4022[22m[2m[0m ms[22m

  [32m➜[39m  [1mLocal[22m:   [36mhttp://localhost:[1m2843[22m/[39m
  [32m➜[39m  [1mNetwork[22m: [36mhttp://192.168.56.1:[1m2843[22m/[39m
  [32m➜[39m  [1mNetwork[22m: [36mhttp://192.168.200.169:[1m2843[22m/[39m
[2m8:37:25 am[22m [36m[1m[vite][22m[39m [32mhmr update [39m[2m/style.css, /style.css?direct[22m
[2m8:37:51 am[22m [36m[1m[vite][22m[39m [32mpage reload [39m[2msrc/core/NavigationGestureController.js[22m
[2m8:37:51 am[22m [36m[1m[vite][22m[39m [32mpage reload [39m[2msrc/core/NavigationGestureController.js[22m
[2m8:38:02 am[22m [36m[1m[vite][22m[39m [32mhmr update [39m[2m/style.css, /style.css?direct[22m
[2m8:39:43 am[22m [36m[1m[vite][22m[39m [32mhmr update [39m[2m/style.css, /style.css?direct[22m
[2m8:41:55 am[22m [36m[1m[vite][22m[39m [32mpage reload [39m[2msrc/core/NavigationGestureController.js[22m
[2m8:42:05 am[22m [36m[1m[vite][22m[39m [32mhmr update [39m[2m/style.css, /style.css?direct[22m
[2m8:42:06 am[22m [36m[1m[vite][22m[39m [32mhmr update [39m[2m/style.css, /style.css?direct[22m
[2m11:22:12 am[22m [36m[1m[vite][22m[39m [32mpage reload [39m[2mindex.html[22m
[2m11:22:16 am[22m [36m[1m[vite][22m[39m [32mpage reload [39m[2mindex.html[22m
[2m11:22:22 am[22m [36m[1m[vite][22m[39m [32mpage reload [39m[2mindex.html[22m
[2m11:22:37 am[22m [36m[1m[vite][22m[39m [32mpage reload [39m[2mindex.html[22m
[2m11:22:50 am[22m [36m[1m[vite][22m[39m [32mpage reload [39m[2mindex.html[22m
[2m11:26:04 am[22m [36m[1m[vite][22m[39m [32mhmr update [39m[2m/style.css, /style.css?direct[22m
[2m11:26:20 am[22m [36m[1m[vite][22m[39m [32mpage reload [39m[2msrc/ui/HUD.js[22m
[2m11:27:02 am[22m [36m[1m[vite][22m[39m [32mpage reload [39m[2msrc/features/SmartHint.js[22m
[2m11:27:02 am[22m [36m[1m[vite][22m[39m [32mpage reload [39m[2msrc/features/SmartHint.js[22m
[2m11:27:10 am[22m [36m[1m[vite][22m[39m [32mpage reload [39m[2msrc/features/SmartHint.js[22m
[2m11:27:17 am[22m [36m[1m[vite][22m[39m [32mpage reload [39m[2msrc/features/SmartHint.js[22m
[2m11:27:22 am[22m [36m[1m[vite][22m[39m [32mpage reload [39m[2msrc/features/SmartHint.js[22m
[2m11:27:39 am[22m [36m[1m[vite][22m[39m [32mpage reload [39m[2msrc/features/AITutor.js[22m
[2m11:27:39 am[22m [36m[1m[vite][22m[39m [32mpage reload [39m[2msrc/features/AITutor.js[22m
[2m11:27:49 am[22m [36m[1m[vite][22m[39m [32mpage reload [39m[2msrc/features/AITutor.js[22m
[2m11:27:57 am[22m [36m[1m[vite][22m[39m [32mpage reload [39m[2msrc/features/AITutor.js[22m
[2m11:28:09 am[22m [36m[1m[vite][22m[39m [32mpage reload [39m[2msrc/features/AITutor.js[22m
[2m11:28:16 am[22m [36m[1m[vite][22m[39m [32mpage reload [39m[2msrc/features/AITutor.js[22m
[2m11:28:20 am[22m [36m[1m[vite][22m[39m [32mpage reload [39m[2msrc/features/AITutor.js[22m
[2m11:28:24 am[22m [36m[1m[vite][22m[39m [32mpage reload [39m[2msrc/features/AITutor.js[22m
[2m12:27:06 pm[22m [36m[1m[vite][22m[39m [32mpage reload [39m[2msrc/ui/PlayfulOverlay.js[22m
[2m12:27:32 pm[22m [36m[1m[vite][22m[39m [32mpage reload [39m[2msrc/ui/SubjectHub.js[22m
[2m12:28:28 pm[22m [36m[1m[vite][22m[39m [32mhmr update [39m[2m/style.css, /style.css?direct[22m
[2m12:28:39 pm[22m [36m[1m[vite][22m[39m [32mpage reload [39m[2msrc/main.js[22m
[2m12:28:49 pm[22m [36m[1m[vite][22m[39m [32mpage reload [39m[2msrc/main.js[22m
[2m12:28:55 pm[22m [36m[1m[vite][22m[39m [32mpage reload [39m[2msrc/main.js[22m
[2m12:29:01 pm[22m [36m[1m[vite][22m[39m [32mpage reload [39m[2msrc/main.js[22m
[2m12:29:18 pm[22m [36m[1m[vite][22m[39m [32mpage reload [39m[2msrc/main.js[22m
[2m12:29:30 pm[22m [36m[1m[vite][22m[39m [32mpage reload [39m[2msrc/ui/HUD.js[22m
[2m12:29:36 pm[22m [36m[1m[vite][22m[39m [32mpage reload [39m[2msrc/ui/HUD.js[22m
[2m12:29:43 pm[22m [36m[1m[vite][22m[39m [32mpage reload [39m[2msrc/main.js[22m
[2m12:29:51 pm[22m [36m[1m[vite][22m[39m [32mpage reload [39m[2msrc/main.js[22m
